<?xml version="1.0" encoding="UTF-8"?>
<robot generator="Robot 6.0.2 (Python 3.11.0 on win32)" generated="20230218 18:22:10.405" rpa="false" schemaversion="3">
<suite id="s1" name="Www" source="C:\wsb\robot-master2\www.robot">
<test id="s1-t1" name="Unsuccessful Registration Different Names" line="21">
<kw name="Open My Browser" type="SETUP">
<kw name="Open Browser" library="SeleniumLibrary">
<arg>http://www.i2v.pl</arg>
<arg>Chrome</arg>
<doc>Opens a new browser instance to the optional ``url``.</doc>
<msg timestamp="20230218 18:22:10.695" level="INFO">Opening browser 'Chrome' to base url 'http://www.i2v.pl'.</msg>
<status status="PASS" starttime="20230218 18:22:10.695" endtime="20230218 18:22:13.093"/>
</kw>
<kw name="Maximize Browser Window" library="SeleniumLibrary">
<doc>Maximizes current browser window.</doc>
<status status="PASS" starttime="20230218 18:22:13.094" endtime="20230218 18:22:13.221"/>
</kw>
<kw name="Execute Javascript" library="SeleniumLibrary">
<arg>document.body.style.zoom='50%'</arg>
<doc>Executes the given JavaScript code with possible arguments.</doc>
<msg timestamp="20230218 18:22:13.223" level="INFO">Executing JavaScript:
document.body.style.zoom='50%'
Without any arguments.</msg>
<status status="PASS" starttime="20230218 18:22:13.221" endtime="20230218 18:22:13.229"/>
</kw>
<kw name="Sleep" library="BuiltIn">
<arg>3</arg>
<doc>Pauses the test executed for the given time.</doc>
<msg timestamp="20230218 18:22:16.230" level="INFO">Slept 3 seconds</msg>
<status status="PASS" starttime="20230218 18:22:13.229" endtime="20230218 18:22:16.231"/>
</kw>
<kw name="Scroll Element Into View" library="SeleniumLibrary">
<arg>//*&lt;div class="slide-caption mt-100 smooth-scroll"&gt;</arg>
<doc>Scrolls the element identified by ``locator`` into view.</doc>
<msg timestamp="20230218 18:22:16.574" level="INFO" html="true">&lt;/td&gt;&lt;/tr&gt;&lt;tr&gt;&lt;td colspan="3"&gt;&lt;a href="selenium-screenshot-7.png"&gt;&lt;img src="selenium-screenshot-7.png" width="800px"&gt;&lt;/a&gt;</msg>
<msg timestamp="20230218 18:22:16.575" level="FAIL">InvalidSelectorException: Message: invalid selector: Unable to locate an element with the xpath expression //*&lt;div class="slide-caption mt-100 smooth-scroll"&gt; because of the following error:
SyntaxError: Failed to execute 'evaluate' on 'Document': The string '//*&lt;div class="slide-caption mt-100 smooth-scroll"&gt;' is not a valid XPath expression.
  (Session info: chrome=110.0.5481.78)
Stacktrace:
Backtrace:
	(No symbol) [0x009B37D3]
	(No symbol) [0x00948B81]
	(No symbol) [0x0084B36D]
	(No symbol) [0x0084E0FB]
	(No symbol) [0x0084DFD0]
	(No symbol) [0x0084E250]
	(No symbol) [0x0087CFEC]
	(No symbol) [0x0087D4BB]
	(No symbol) [0x008B333C]
	(No symbol) [0x0089B464]
	(No symbol) [0x008B1215]
	(No symbol) [0x0089B216]
	(No symbol) [0x00870D97]
	(No symbol) [0x0087253D]
	GetHandleVerifier [0x00C2ABF2+2510930]
	GetHandleVerifier [0x00C58EC1+2700065]
	GetHandleVerifier [0x00C5C86C+2714828]
	GetHandleVerifier [0x00A63480+645344]
	(No symbol) [0x00950FD2]
	(No symbol) [0x00956C68]
	(No symbol) [0x00956D4B]
	(No symbol) [0x00960D6B]
	BaseThreadInitThunk [0x778C00F9+25]
	RtlGetAppContainerNamedObjectPath [0x77A07BBE+286]
	RtlGetAppContainerNamedObjectPath [0x77A07B8E+238]
</msg>
<status status="FAIL" starttime="20230218 18:22:16.231" endtime="20230218 18:22:16.580"/>
</kw>
<kw name="Run Keyword And Ignore Error" library="BuiltIn">
<arg>click button</arg>
<arg>//*[@id="tcf277-permissions-modal"]/div[3]/div/button[2]</arg>
<doc>Runs the given keyword with the given arguments and ignores possible error.</doc>
<status status="NOT RUN" starttime="20230218 18:22:16.580" endtime="20230218 18:22:16.580"/>
</kw>
<status status="FAIL" starttime="20230218 18:22:10.695" endtime="20230218 18:22:16.580"/>
</kw>
<status status="FAIL" starttime="20230218 18:22:10.690" endtime="20230218 18:22:16.583">Setup failed:
InvalidSelectorException: Message: invalid selector: Unable to locate an element with the xpath expression //*&lt;div class="slide-caption mt-100 smooth-scroll"&gt; because of the following error:
SyntaxError: Failed to execute 'evaluate' on 'Document': The string '//*&lt;div class="slide-caption mt-100 smooth-scroll"&gt;' is not a valid XPath expression.
  (Session info: chrome=110.0.5481.78)
Stacktrace:
Backtrace:
	(No symbol) [0x009B37D3]
	(No symbol) [0x00948B81]
	(No symbol) [0x0084B36D]
	(No symbol) [0x0084E0FB]
	(No symbol) [0x0084DFD0]
	(No symbol) [0x0084E250]
	(No symbol) [0x0087CFEC]
	(No symbol) [0x0087D4BB]
	(No symbol) [0x008B333C]
	(No symbol) [0x0089B464]
	(No symbol) [0x008B1215]
	(No symbol) [0x0089B216]
	(No symbol) [0x00870D97]
	(No symbol) [0x0087253D]
	GetHandleVerifier [0x00C2ABF2+2510930]
	GetHandleVerifier [0x00C58EC1+2700065]
	GetHandleVerifier [0x00C5C86C+2714828]
	GetHandleVerifier [0x00A63480+645344]
	(No symbol) [0x00950FD2]
	(No symbol) [0x00956C68]
	(No symbol) [0x00956D4B]
	(No symbol) [0x00960D6B]
	BaseThreadInitThunk [0x778C00F9+25]
	RtlGetAppContainerNamedObjectPath [0x77A07BBE+286]
	RtlGetAppContainerNamedObjectPath [0x77A07B8E+238]
</status>
</test>
<status status="FAIL" starttime="20230218 18:22:10.405" endtime="20230218 18:22:16.591"/>
</suite>
<statistics>
<total>
<stat pass="0" fail="1" skip="0">All Tests</stat>
</total>
<tag>
</tag>
<suite>
<stat pass="0" fail="1" skip="0" id="s1" name="Www">Www</stat>
</suite>
</statistics>
<errors>
</errors>
</robot>
